info it worked if it ends with ok
info using fhc@0.8.2-306
info using node@v0.10.10
silly config file /home/pmurphy/.fhcrc
silly config file /usr/local/etc/fhcrc
verbose feedhenry url https://hpcs.feedhenry.com
silly POST box/srv/1.1/ide/hpcs/app/read
silly url, unparsed https://hpcs.feedhenry.com/
verbose resolveUrl - IN box/srv/1.1/ide/hpcs/app/read
verbose resolveUrl - OUT https://hpcs.feedhenry.com/box/srv/1.1/ide/hpcs/app/read
verbose calling url https://hpcs.feedhenry.com/box/srv/1.1/ide/hpcs/app/read payload: { guid: undefined }
silly port 443
silly cookie feedhenry=O4CbYmngNQRSY9AUrVvPrF5q;
silly nocache false
silly explain level 0
verbose getHeaders { accept: 'application/json',
verbose getHeaders   cookie: 'feedhenry=O4CbYmngNQRSY9AUrVvPrF5q;',
verbose getHeaders   'User-Agent': 'FHC/0.8.2-306 linux/3.2.0-48-generic-pae',
verbose getHeaders   'content-type': 'application/json',
verbose getHeaders   'content-length': 2 }
verbose what... { guid: undefined }
silly writing json { guid: undefined }
silly headers { accept: 'application/json',
silly headers   cookie: 'feedhenry=O4CbYmngNQRSY9AUrVvPrF5q;',
silly headers   'User-Agent': 'FHC/0.8.2-306 linux/3.2.0-48-generic-pae',
silly headers   'content-type': 'application/json',
silly headers   'content-length': 2 }
silly getProxy null
silly response headers { date: 'Wed, 03 Jul 2013 12:18:30 GMT',
silly response headers   p3p: 'CP="ALL ADM DEV PSAi COM OUR OTRo STP IND ONL" policyref="/box/p3p.xml"',
silly response headers   etag: '"NcJoiCSthpanRYZRy1wBl-"',
silly response headers   'content-type': 'application/json;charset=UTF-8',
silly response headers   'content-length': '65',
silly response headers   vary: 'Accept-Encoding',
silly response headers   'keep-alive': 'timeout=15, max=100',
silly response headers   connection: 'Keep-Alive' }
verbose feedhenry url https://hpcs.feedhenry.com/
silly POST box/srv/1.1/pub/app/null/refresh
silly url, unparsed https://hpcs.feedhenry.com/
verbose resolveUrl - IN box/srv/1.1/pub/app/null/refresh
verbose resolveUrl - OUT https://hpcs.feedhenry.com/box/srv/1.1/pub/app/null/refresh
verbose calling url https://hpcs.feedhenry.com/box/srv/1.1/pub/app/null/refresh payload: { payload: { guid: undefined } }
silly port 443
silly cookie feedhenry=O4CbYmngNQRSY9AUrVvPrF5q;
silly nocache false
silly explain level 0
verbose getHeaders { accept: 'application/json',
verbose getHeaders   cookie: 'feedhenry=O4CbYmngNQRSY9AUrVvPrF5q;',
verbose getHeaders   'User-Agent': 'FHC/0.8.2-306 linux/3.2.0-48-generic-pae',
verbose getHeaders   'content-type': 'application/json',
verbose getHeaders   'content-length': 14 }
verbose what... { payload: { guid: undefined } }
silly writing json { payload: { guid: undefined } }
silly headers { accept: 'application/json',
silly headers   cookie: 'feedhenry=O4CbYmngNQRSY9AUrVvPrF5q;',
silly headers   'User-Agent': 'FHC/0.8.2-306 linux/3.2.0-48-generic-pae',
silly headers   'content-type': 'application/json',
silly headers   'content-length': 14 }
silly getProxy null
silly response headers { date: 'Wed, 03 Jul 2013 12:18:31 GMT',
silly response headers   p3p: 'CP="ALL ADM DEV PSAi COM OUR OTRo STP IND ONL" policyref="/box/p3p.xml"',
silly response headers   etag: '"y45ItTlJ5XHJRqdKGx_XzV"',
silly response headers   'content-type': 'application/json;charset=UTF-8',
silly response headers   'content-length': '75',
silly response headers   vary: 'Accept-Encoding',
silly response headers   'keep-alive': 'timeout=15, max=100',
silly response headers   connection: 'Keep-Alive' }
ERR! Error in Git pull: invalid guid: [null], length is not 24 chars
verbose exit [ 1, true ]
